{
  "stats": {
    "suites": 1,
    "tests": 8,
    "passes": 2,
    "pending": 0,
    "failures": 6,
    "start": "2025-03-02T11:15:21.922Z",
    "end": "2025-03-02T11:15:27.261Z",
    "duration": 5339,
    "testsRegistered": 8,
    "passPercent": 25,
    "pendingPercent": 0,
    "other": 0,
    "hasOther": false,
    "skipped": 0,
    "hasSkipped": false
  },
  "results": [
    {
      "uuid": "387c3916-5836-4ed8-ab08-e8ef2bf38b9d",
      "title": "",
      "fullFile": "cypress\\integration\\backend\\backendTests.spec.js",
      "file": "cypress\\integration\\backend\\backendTests.spec.js",
      "beforeHooks": [],
      "afterHooks": [],
      "tests": [],
      "suites": [
        {
          "uuid": "a9244110-2469-4cf5-8a50-c7bb5f491c16",
          "title": "Backend API Tests for Employee and Admin Role",
          "fullFile": "",
          "file": "",
          "beforeHooks": [],
          "afterHooks": [],
          "tests": [
            {
              "title": "should register a new employee",
              "fullTitle": "Backend API Tests for Employee and Admin Role should register a new employee",
              "timedOut": null,
              "duration": 154,
              "state": "passed",
              "speed": "fast",
              "pass": true,
              "fail": false,
              "pending": false,
              "context": null,
              "code": "cy.request(\"POST\", `${apiUrl}/auth/register`, {\n  username: employeeUsername,\n  // Use the dynamically generated username\n  password: employeePassword\n}).then(response => {\n  expect(response.status).to.eq(201);\n  expect(response.body).to.have.property(\"message\", \"User registered successfully\");\n});",
              "err": {},
              "uuid": "d5f96a43-ce49-4d68-a6fd-3f31c5d976b7",
              "parentUUID": "a9244110-2469-4cf5-8a50-c7bb5f491c16",
              "isHook": false,
              "skipped": false
            },
            {
              "title": "should login the employee with valid credentials",
              "fullTitle": "Backend API Tests for Employee and Admin Role should login the employee with valid credentials",
              "timedOut": null,
              "duration": 76,
              "state": "passed",
              "speed": "fast",
              "pass": true,
              "fail": false,
              "pending": false,
              "context": null,
              "code": "cy.request(\"POST\", `${apiUrl}/auth/login`, {\n  username: employeeUsername,\n  // Use the same username as registration\n  password: employeePassword // Use the same password as registration\n}).then(response => {\n  expect(response.status).to.eq(200);\n  expect(response.body).to.have.property(\"token\");\n  Cypress.env(\"employeeAuthToken\", response.body.token); // Store token in Cypress environment variable\n});",
              "err": {},
              "uuid": "baa168c9-72cc-452a-bb2f-e6997e382d9f",
              "parentUUID": "a9244110-2469-4cf5-8a50-c7bb5f491c16",
              "isHook": false,
              "skipped": false
            },
            {
              "title": "should submit resignation for an employee",
              "fullTitle": "Backend API Tests for Employee and Admin Role should submit resignation for an employee",
              "timedOut": null,
              "duration": 1655,
              "state": "failed",
              "speed": null,
              "pass": false,
              "fail": true,
              "pending": false,
              "context": null,
              "code": "const token = Cypress.env(\"employeeAuthToken\"); // Retrieve token from Cypress environment variable\ncy.request({\n  method: \"POST\",\n  url: `${apiUrl}/user/resign`,\n  headers: {\n    Authorization: `${token}`\n  },\n  body: {\n    lwd: \"2024-12-26\"\n  }\n}).then(response => {\n  expect(response.status).to.eq(200);\n  employeeResignationId = response.body.data.resignation._id; // Store resignation ID for approval\n});",
              "err": {
                "message": "CypressError: `cy.request()` failed trying to load:\n\nhttp://localhost:8080/api/user/resign\n\nWe attempted to make an http request to this URL but the request failed without a response.\n\nWe received this error at the network level:\n\n  > Error: connect ECONNREFUSED 127.0.0.1:8080\n\n-----------------------------------------------------------\n\nThe request we sent was:\n\nMethod: POST\nURL: http://localhost:8080/api/user/resign\n\n-----------------------------------------------------------\n\nCommon situations why this would fail:\n  - you don't have internet access\n  - you forgot to run / boot your web server\n  - your web server isn't accessible\n  - you have weird network configuration settings on your computer\n\nhttps://on.cypress.io/request",
                "estack": "CypressError: `cy.request()` failed trying to load:\n\nhttp://localhost:8080/api/user/resign\n\nWe attempted to make an http request to this URL but the request failed without a response.\n\nWe received this error at the network level:\n\n  > Error: connect ECONNREFUSED 127.0.0.1:8080\n\n-----------------------------------------------------------\n\nThe request we sent was:\n\nMethod: POST\nURL: http://localhost:8080/api/user/resign\n\n-----------------------------------------------------------\n\nCommon situations why this would fail:\n  - you don't have internet access\n  - you forgot to run / boot your web server\n  - your web server isn't accessible\n  - you have weird network configuration settings on your computer\n\nhttps://on.cypress.io/request\n    at <unknown> (http://localhost:8080/__cypress/runner/cypress_runner.js:132904:70)\n    at tryCatcher (http://localhost:8080/__cypress/runner/cypress_runner.js:1830:23)\n    at <unknown> (http://localhost:8080/__cypress/runner/cypress_runner.js:4226:37)\n    at tryCatcher (http://localhost:8080/__cypress/runner/cypress_runner.js:1830:23)\n    at Promise._settlePromiseFromHandler (http://localhost:8080/__cypress/runner/cypress_runner.js:1542:31)\n    at Promise._settlePromise (http://localhost:8080/__cypress/runner/cypress_runner.js:1599:18)\n    at Promise._settlePromise0 (http://localhost:8080/__cypress/runner/cypress_runner.js:1644:10)\n    at Promise._settlePromises (http://localhost:8080/__cypress/runner/cypress_runner.js:1720:18)\n    at _drainQueueStep (http://localhost:8080/__cypress/runner/cypress_runner.js:2430:12)\n    at _drainQueue (http://localhost:8080/__cypress/runner/cypress_runner.js:2423:9)\n    at Async._drainQueues (http://localhost:8080/__cypress/runner/cypress_runner.js:2439:5)\n    at Async.drainQueues (http://localhost:8080/__cypress/runner/cypress_runner.js:2309:14)\nFrom Your Spec Code:\n    at Context.eval (webpack://exitease/./cypress/integration/backend/backendTests.spec.js:34:7)\n\nFrom Node.js Internals:\n  RequestError: Error: connect ECONNREFUSED 127.0.0.1:8080\n      at new r (<embedded>:227:405020)\n      at ee.callback (<embedded>:227:411021)\n      at e.callback.s.callback [as _callback] (<embedded>:227:410467)\n      at s._callback.s.callback.s.callback (<embedded>:290:100275)\n      at ee.emit (node:events:514:28)\n      at ee.onRequestError (<embedded>:290:109217)\n      at ClientRequest.emit (node:events:526:35)\n      at Socket.socketErrorListener (node:_http_client:501:9)\n      at Socket.emit (node:events:514:28)\n      at emitErrorNT (node:internal/streams/destroy:151:8)\n      at emitErrorCloseNT (node:internal/streams/destroy:116:3)\n      at process.processTicksAndRejections (node:internal/process/task_queues:82:21)",
                "diff": null
              },
              "uuid": "2b24535b-6f21-4513-9794-6dfd408009bc",
              "parentUUID": "a9244110-2469-4cf5-8a50-c7bb5f491c16",
              "isHook": false,
              "skipped": false
            },
            {
              "title": "should login as admin (HR)",
              "fullTitle": "Backend API Tests for Employee and Admin Role should login as admin (HR)",
              "timedOut": null,
              "duration": 655,
              "state": "failed",
              "speed": null,
              "pass": false,
              "fail": true,
              "pending": false,
              "context": null,
              "code": "cy.request(\"POST\", `${apiUrl}/auth/login`, {\n  username: \"admin\",\n  password: \"admin\"\n}).then(response => {\n  expect(response.status).to.eq(200);\n  expect(response.body).to.have.property(\"token\");\n  Cypress.env(\"adminAuthToken\", response.body.token); // Store admin token in Cypress environment variable\n});",
              "err": {
                "message": "CypressError: `cy.request()` failed trying to load:\n\nhttp://localhost:8080/api/auth/login\n\nWe attempted to make an http request to this URL but the request failed without a response.\n\nWe received this error at the network level:\n\n  > Error: connect ECONNREFUSED 127.0.0.1:8080\n\n-----------------------------------------------------------\n\nThe request we sent was:\n\nMethod: POST\nURL: http://localhost:8080/api/auth/login\n\n-----------------------------------------------------------\n\nCommon situations why this would fail:\n  - you don't have internet access\n  - you forgot to run / boot your web server\n  - your web server isn't accessible\n  - you have weird network configuration settings on your computer\n\nhttps://on.cypress.io/request",
                "estack": "CypressError: `cy.request()` failed trying to load:\n\nhttp://localhost:8080/api/auth/login\n\nWe attempted to make an http request to this URL but the request failed without a response.\n\nWe received this error at the network level:\n\n  > Error: connect ECONNREFUSED 127.0.0.1:8080\n\n-----------------------------------------------------------\n\nThe request we sent was:\n\nMethod: POST\nURL: http://localhost:8080/api/auth/login\n\n-----------------------------------------------------------\n\nCommon situations why this would fail:\n  - you don't have internet access\n  - you forgot to run / boot your web server\n  - your web server isn't accessible\n  - you have weird network configuration settings on your computer\n\nhttps://on.cypress.io/request\n    at <unknown> (http://localhost:8080/__cypress/runner/cypress_runner.js:132904:70)\n    at tryCatcher (http://localhost:8080/__cypress/runner/cypress_runner.js:1830:23)\n    at <unknown> (http://localhost:8080/__cypress/runner/cypress_runner.js:4226:37)\n    at tryCatcher (http://localhost:8080/__cypress/runner/cypress_runner.js:1830:23)\n    at Promise._settlePromiseFromHandler (http://localhost:8080/__cypress/runner/cypress_runner.js:1542:31)\n    at Promise._settlePromise (http://localhost:8080/__cypress/runner/cypress_runner.js:1599:18)\n    at Promise._settlePromise0 (http://localhost:8080/__cypress/runner/cypress_runner.js:1644:10)\n    at Promise._settlePromises (http://localhost:8080/__cypress/runner/cypress_runner.js:1720:18)\n    at _drainQueueStep (http://localhost:8080/__cypress/runner/cypress_runner.js:2430:12)\n    at _drainQueue (http://localhost:8080/__cypress/runner/cypress_runner.js:2423:9)\n    at Async._drainQueues (http://localhost:8080/__cypress/runner/cypress_runner.js:2439:5)\n    at Async.drainQueues (http://localhost:8080/__cypress/runner/cypress_runner.js:2309:14)\nFrom Your Spec Code:\n    at Context.eval (webpack://exitease/./cypress/integration/backend/backendTests.spec.js:51:7)\n\nFrom Node.js Internals:\n  RequestError: Error: connect ECONNREFUSED 127.0.0.1:8080\n      at new r (<embedded>:227:405020)\n      at ee.callback (<embedded>:227:411021)\n      at e.callback.s.callback [as _callback] (<embedded>:227:410467)\n      at s._callback.s.callback.s.callback (<embedded>:290:100275)\n      at ee.emit (node:events:514:28)\n      at ee.onRequestError (<embedded>:290:109217)\n      at ClientRequest.emit (node:events:526:35)\n      at Socket.socketErrorListener (node:_http_client:501:9)\n      at Socket.emit (node:events:514:28)\n      at emitErrorNT (node:internal/streams/destroy:151:8)\n      at emitErrorCloseNT (node:internal/streams/destroy:116:3)\n      at process.processTicksAndRejections (node:internal/process/task_queues:82:21)",
                "diff": null
              },
              "uuid": "5e59932a-8345-4839-ab53-96356eb763ff",
              "parentUUID": "a9244110-2469-4cf5-8a50-c7bb5f491c16",
              "isHook": false,
              "skipped": false
            },
            {
              "title": "should view all resignations submitted by employees as admin",
              "fullTitle": "Backend API Tests for Employee and Admin Role should view all resignations submitted by employees as admin",
              "timedOut": null,
              "duration": 624,
              "state": "failed",
              "speed": null,
              "pass": false,
              "fail": true,
              "pending": false,
              "context": null,
              "code": "const token = Cypress.env(\"adminAuthToken\"); // Retrieve admin token from Cypress environment variable\ncy.request({\n  method: \"GET\",\n  url: `${apiUrl}/admin/resignations`,\n  headers: {\n    Authorization: `${token}`\n  }\n}).then(response => {\n  expect(response.status).to.eq(200);\n  expect(response.body.data).to.be.an(\"array\");\n});",
              "err": {
                "message": "CypressError: `cy.request()` failed trying to load:\n\nhttp://localhost:8080/api/admin/resignations\n\nWe attempted to make an http request to this URL but the request failed without a response.\n\nWe received this error at the network level:\n\n  > Error: connect ECONNREFUSED 127.0.0.1:8080\n\n-----------------------------------------------------------\n\nThe request we sent was:\n\nMethod: GET\nURL: http://localhost:8080/api/admin/resignations\n\n-----------------------------------------------------------\n\nCommon situations why this would fail:\n  - you don't have internet access\n  - you forgot to run / boot your web server\n  - your web server isn't accessible\n  - you have weird network configuration settings on your computer\n\nhttps://on.cypress.io/request",
                "estack": "CypressError: `cy.request()` failed trying to load:\n\nhttp://localhost:8080/api/admin/resignations\n\nWe attempted to make an http request to this URL but the request failed without a response.\n\nWe received this error at the network level:\n\n  > Error: connect ECONNREFUSED 127.0.0.1:8080\n\n-----------------------------------------------------------\n\nThe request we sent was:\n\nMethod: GET\nURL: http://localhost:8080/api/admin/resignations\n\n-----------------------------------------------------------\n\nCommon situations why this would fail:\n  - you don't have internet access\n  - you forgot to run / boot your web server\n  - your web server isn't accessible\n  - you have weird network configuration settings on your computer\n\nhttps://on.cypress.io/request\n    at <unknown> (http://localhost:8080/__cypress/runner/cypress_runner.js:132904:70)\n    at tryCatcher (http://localhost:8080/__cypress/runner/cypress_runner.js:1830:23)\n    at <unknown> (http://localhost:8080/__cypress/runner/cypress_runner.js:4226:37)\n    at tryCatcher (http://localhost:8080/__cypress/runner/cypress_runner.js:1830:23)\n    at Promise._settlePromiseFromHandler (http://localhost:8080/__cypress/runner/cypress_runner.js:1542:31)\n    at Promise._settlePromise (http://localhost:8080/__cypress/runner/cypress_runner.js:1599:18)\n    at Promise._settlePromise0 (http://localhost:8080/__cypress/runner/cypress_runner.js:1644:10)\n    at Promise._settlePromises (http://localhost:8080/__cypress/runner/cypress_runner.js:1720:18)\n    at _drainQueueStep (http://localhost:8080/__cypress/runner/cypress_runner.js:2430:12)\n    at _drainQueue (http://localhost:8080/__cypress/runner/cypress_runner.js:2423:9)\n    at Async._drainQueues (http://localhost:8080/__cypress/runner/cypress_runner.js:2439:5)\n    at Async.drainQueues (http://localhost:8080/__cypress/runner/cypress_runner.js:2309:14)\nFrom Your Spec Code:\n    at Context.eval (webpack://exitease/./cypress/integration/backend/backendTests.spec.js:63:7)\n\nFrom Node.js Internals:\n  RequestError: Error: connect ECONNREFUSED 127.0.0.1:8080\n      at new r (<embedded>:227:405020)\n      at ee.callback (<embedded>:227:411021)\n      at e.callback.s.callback [as _callback] (<embedded>:227:410467)\n      at s._callback.s.callback.s.callback (<embedded>:290:100275)\n      at ee.emit (node:events:514:28)\n      at ee.onRequestError (<embedded>:290:109217)\n      at ClientRequest.emit (node:events:526:35)\n      at Socket.socketErrorListener (node:_http_client:501:9)\n      at Socket.emit (node:events:514:28)\n      at emitErrorNT (node:internal/streams/destroy:151:8)\n      at emitErrorCloseNT (node:internal/streams/destroy:116:3)\n      at process.processTicksAndRejections (node:internal/process/task_queues:82:21)",
                "diff": null
              },
              "uuid": "76811ea8-129a-487e-807f-3f1825035625",
              "parentUUID": "a9244110-2469-4cf5-8a50-c7bb5f491c16",
              "isHook": false,
              "skipped": false
            },
            {
              "title": "should approve the employee’s resignation as admin",
              "fullTitle": "Backend API Tests for Employee and Admin Role should approve the employee’s resignation as admin",
              "timedOut": null,
              "duration": 631,
              "state": "failed",
              "speed": null,
              "pass": false,
              "fail": true,
              "pending": false,
              "context": null,
              "code": "const token = Cypress.env(\"adminAuthToken\"); // Retrieve admin token from Cypress environment variable\ncy.request({\n  method: \"PUT\",\n  url: `${apiUrl}/admin/conclude_resignation`,\n  headers: {\n    Authorization: `${token}`\n  },\n  body: {\n    resignationId: employeeResignationId,\n    approved: true,\n    lwd: \"26 Dec 2024\"\n  }\n}).then(response => {\n  expect(response.status).to.eq(200);\n});",
              "err": {
                "message": "CypressError: `cy.request()` failed trying to load:\n\nhttp://localhost:8080/api/admin/conclude_resignation\n\nWe attempted to make an http request to this URL but the request failed without a response.\n\nWe received this error at the network level:\n\n  > Error: connect ECONNREFUSED 127.0.0.1:8080\n\n-----------------------------------------------------------\n\nThe request we sent was:\n\nMethod: PUT\nURL: http://localhost:8080/api/admin/conclude_resignation\n\n-----------------------------------------------------------\n\nCommon situations why this would fail:\n  - you don't have internet access\n  - you forgot to run / boot your web server\n  - your web server isn't accessible\n  - you have weird network configuration settings on your computer\n\nhttps://on.cypress.io/request",
                "estack": "CypressError: `cy.request()` failed trying to load:\n\nhttp://localhost:8080/api/admin/conclude_resignation\n\nWe attempted to make an http request to this URL but the request failed without a response.\n\nWe received this error at the network level:\n\n  > Error: connect ECONNREFUSED 127.0.0.1:8080\n\n-----------------------------------------------------------\n\nThe request we sent was:\n\nMethod: PUT\nURL: http://localhost:8080/api/admin/conclude_resignation\n\n-----------------------------------------------------------\n\nCommon situations why this would fail:\n  - you don't have internet access\n  - you forgot to run / boot your web server\n  - your web server isn't accessible\n  - you have weird network configuration settings on your computer\n\nhttps://on.cypress.io/request\n    at <unknown> (http://localhost:8080/__cypress/runner/cypress_runner.js:132904:70)\n    at tryCatcher (http://localhost:8080/__cypress/runner/cypress_runner.js:1830:23)\n    at <unknown> (http://localhost:8080/__cypress/runner/cypress_runner.js:4226:37)\n    at tryCatcher (http://localhost:8080/__cypress/runner/cypress_runner.js:1830:23)\n    at Promise._settlePromiseFromHandler (http://localhost:8080/__cypress/runner/cypress_runner.js:1542:31)\n    at Promise._settlePromise (http://localhost:8080/__cypress/runner/cypress_runner.js:1599:18)\n    at Promise._settlePromise0 (http://localhost:8080/__cypress/runner/cypress_runner.js:1644:10)\n    at Promise._settlePromises (http://localhost:8080/__cypress/runner/cypress_runner.js:1720:18)\n    at _drainQueueStep (http://localhost:8080/__cypress/runner/cypress_runner.js:2430:12)\n    at _drainQueue (http://localhost:8080/__cypress/runner/cypress_runner.js:2423:9)\n    at Async._drainQueues (http://localhost:8080/__cypress/runner/cypress_runner.js:2439:5)\n    at Async.drainQueues (http://localhost:8080/__cypress/runner/cypress_runner.js:2309:14)\nFrom Your Spec Code:\n    at Context.eval (webpack://exitease/./cypress/integration/backend/backendTests.spec.js:77:7)\n\nFrom Node.js Internals:\n  RequestError: Error: connect ECONNREFUSED 127.0.0.1:8080\n      at new r (<embedded>:227:405020)\n      at ee.callback (<embedded>:227:411021)\n      at e.callback.s.callback [as _callback] (<embedded>:227:410467)\n      at s._callback.s.callback.s.callback (<embedded>:290:100275)\n      at ee.emit (node:events:514:28)\n      at ee.onRequestError (<embedded>:290:109217)\n      at ClientRequest.emit (node:events:526:35)\n      at Socket.socketErrorListener (node:_http_client:501:9)\n      at Socket.emit (node:events:514:28)\n      at emitErrorNT (node:internal/streams/destroy:151:8)\n      at emitErrorCloseNT (node:internal/streams/destroy:116:3)\n      at process.processTicksAndRejections (node:internal/process/task_queues:82:21)",
                "diff": null
              },
              "uuid": "c2966f75-567a-4b58-b359-29637515655c",
              "parentUUID": "a9244110-2469-4cf5-8a50-c7bb5f491c16",
              "isHook": false,
              "skipped": false
            },
            {
              "title": "should allow the employee to submit responses to exit questionnaire",
              "fullTitle": "Backend API Tests for Employee and Admin Role should allow the employee to submit responses to exit questionnaire",
              "timedOut": null,
              "duration": 642,
              "state": "failed",
              "speed": null,
              "pass": false,
              "fail": true,
              "pending": false,
              "context": null,
              "code": "const token = Cypress.env(\"employeeAuthToken\"); // Retrieve employee token from Cypress environment variable\ncy.request({\n  method: \"POST\",\n  url: `${apiUrl}/user/responses`,\n  headers: {\n    Authorization: `${token}`\n  },\n  body: {\n    responses: [{\n      questionText: \"What prompted you to start looking for another job?\",\n      response: \"Lack of career growth opportunities\"\n    }, {\n      questionText: \"Would you recommend this company to others?\",\n      response: \"Yes, with some reservations\"\n    }]\n  }\n}).then(response => {\n  expect(response.status).to.eq(200);\n});",
              "err": {
                "message": "CypressError: `cy.request()` failed trying to load:\n\nhttp://localhost:8080/api/user/responses\n\nWe attempted to make an http request to this URL but the request failed without a response.\n\nWe received this error at the network level:\n\n  > Error: connect ECONNREFUSED 127.0.0.1:8080\n\n-----------------------------------------------------------\n\nThe request we sent was:\n\nMethod: POST\nURL: http://localhost:8080/api/user/responses\n\n-----------------------------------------------------------\n\nCommon situations why this would fail:\n  - you don't have internet access\n  - you forgot to run / boot your web server\n  - your web server isn't accessible\n  - you have weird network configuration settings on your computer\n\nhttps://on.cypress.io/request",
                "estack": "CypressError: `cy.request()` failed trying to load:\n\nhttp://localhost:8080/api/user/responses\n\nWe attempted to make an http request to this URL but the request failed without a response.\n\nWe received this error at the network level:\n\n  > Error: connect ECONNREFUSED 127.0.0.1:8080\n\n-----------------------------------------------------------\n\nThe request we sent was:\n\nMethod: POST\nURL: http://localhost:8080/api/user/responses\n\n-----------------------------------------------------------\n\nCommon situations why this would fail:\n  - you don't have internet access\n  - you forgot to run / boot your web server\n  - your web server isn't accessible\n  - you have weird network configuration settings on your computer\n\nhttps://on.cypress.io/request\n    at <unknown> (http://localhost:8080/__cypress/runner/cypress_runner.js:132904:70)\n    at tryCatcher (http://localhost:8080/__cypress/runner/cypress_runner.js:1830:23)\n    at <unknown> (http://localhost:8080/__cypress/runner/cypress_runner.js:4226:37)\n    at tryCatcher (http://localhost:8080/__cypress/runner/cypress_runner.js:1830:23)\n    at Promise._settlePromiseFromHandler (http://localhost:8080/__cypress/runner/cypress_runner.js:1542:31)\n    at Promise._settlePromise (http://localhost:8080/__cypress/runner/cypress_runner.js:1599:18)\n    at Promise._settlePromise0 (http://localhost:8080/__cypress/runner/cypress_runner.js:1644:10)\n    at Promise._settlePromises (http://localhost:8080/__cypress/runner/cypress_runner.js:1720:18)\n    at _drainQueueStep (http://localhost:8080/__cypress/runner/cypress_runner.js:2430:12)\n    at _drainQueue (http://localhost:8080/__cypress/runner/cypress_runner.js:2423:9)\n    at Async._drainQueues (http://localhost:8080/__cypress/runner/cypress_runner.js:2439:5)\n    at Async.drainQueues (http://localhost:8080/__cypress/runner/cypress_runner.js:2309:14)\nFrom Your Spec Code:\n    at Context.eval (webpack://exitease/./cypress/integration/backend/backendTests.spec.js:96:7)\n\nFrom Node.js Internals:\n  RequestError: Error: connect ECONNREFUSED 127.0.0.1:8080\n      at new r (<embedded>:227:405020)\n      at ee.callback (<embedded>:227:411021)\n      at e.callback.s.callback [as _callback] (<embedded>:227:410467)\n      at s._callback.s.callback.s.callback (<embedded>:290:100275)\n      at ee.emit (node:events:514:28)\n      at ee.onRequestError (<embedded>:290:109217)\n      at ClientRequest.emit (node:events:526:35)\n      at Socket.socketErrorListener (node:_http_client:501:9)\n      at Socket.emit (node:events:514:28)\n      at emitErrorNT (node:internal/streams/destroy:151:8)\n      at emitErrorCloseNT (node:internal/streams/destroy:116:3)\n      at process.processTicksAndRejections (node:internal/process/task_queues:82:21)",
                "diff": null
              },
              "uuid": "d07e88d2-cacd-4e90-a4ea-3582735b04c2",
              "parentUUID": "a9244110-2469-4cf5-8a50-c7bb5f491c16",
              "isHook": false,
              "skipped": false
            },
            {
              "title": "should allow the admin to view all questionnaire responses",
              "fullTitle": "Backend API Tests for Employee and Admin Role should allow the admin to view all questionnaire responses",
              "timedOut": null,
              "duration": 650,
              "state": "failed",
              "speed": null,
              "pass": false,
              "fail": true,
              "pending": false,
              "context": null,
              "code": "const token = Cypress.env(\"adminAuthToken\"); // Retrieve admin token from Cypress environment variable\ncy.request({\n  method: \"GET\",\n  url: `${apiUrl}/admin/exit_responses`,\n  headers: {\n    Authorization: `${token}`\n  }\n}).then(response => {\n  expect(response.status).to.eq(200);\n  expect(response.body.data).to.be.an(\"array\");\n  // Find the specific response data that matches the expected responses\n  const expectedResponses = [{\n    questionText: \"What prompted you to start looking for another job?\",\n    response: \"Lack of career growth opportunities\"\n  }, {\n    questionText: \"Would you recommend this company to others?\",\n    response: \"Yes, with some reservations\"\n  }];\n  // Check if any of the data array includes the expected responses\n  const hasExpectedResponses = response.body.data.some(item => {\n    return item.responses.length === expectedResponses.length && item.responses.every((resp, index) => {\n      return resp.questionText === expectedResponses[index].questionText && resp.response === expectedResponses[index].response;\n    });\n  });\n  // Assert that the expected responses exist in the data\n  expect(hasExpectedResponses).to.be.true;\n});",
              "err": {
                "message": "CypressError: `cy.request()` failed trying to load:\n\nhttp://localhost:8080/api/admin/exit_responses\n\nWe attempted to make an http request to this URL but the request failed without a response.\n\nWe received this error at the network level:\n\n  > Error: connect ECONNREFUSED 127.0.0.1:8080\n\n-----------------------------------------------------------\n\nThe request we sent was:\n\nMethod: GET\nURL: http://localhost:8080/api/admin/exit_responses\n\n-----------------------------------------------------------\n\nCommon situations why this would fail:\n  - you don't have internet access\n  - you forgot to run / boot your web server\n  - your web server isn't accessible\n  - you have weird network configuration settings on your computer\n\nhttps://on.cypress.io/request",
                "estack": "CypressError: `cy.request()` failed trying to load:\n\nhttp://localhost:8080/api/admin/exit_responses\n\nWe attempted to make an http request to this URL but the request failed without a response.\n\nWe received this error at the network level:\n\n  > Error: connect ECONNREFUSED 127.0.0.1:8080\n\n-----------------------------------------------------------\n\nThe request we sent was:\n\nMethod: GET\nURL: http://localhost:8080/api/admin/exit_responses\n\n-----------------------------------------------------------\n\nCommon situations why this would fail:\n  - you don't have internet access\n  - you forgot to run / boot your web server\n  - your web server isn't accessible\n  - you have weird network configuration settings on your computer\n\nhttps://on.cypress.io/request\n    at <unknown> (http://localhost:8080/__cypress/runner/cypress_runner.js:132904:70)\n    at tryCatcher (http://localhost:8080/__cypress/runner/cypress_runner.js:1830:23)\n    at <unknown> (http://localhost:8080/__cypress/runner/cypress_runner.js:4226:37)\n    at tryCatcher (http://localhost:8080/__cypress/runner/cypress_runner.js:1830:23)\n    at Promise._settlePromiseFromHandler (http://localhost:8080/__cypress/runner/cypress_runner.js:1542:31)\n    at Promise._settlePromise (http://localhost:8080/__cypress/runner/cypress_runner.js:1599:18)\n    at Promise._settlePromise0 (http://localhost:8080/__cypress/runner/cypress_runner.js:1644:10)\n    at Promise._settlePromises (http://localhost:8080/__cypress/runner/cypress_runner.js:1720:18)\n    at _drainQueueStep (http://localhost:8080/__cypress/runner/cypress_runner.js:2430:12)\n    at _drainQueue (http://localhost:8080/__cypress/runner/cypress_runner.js:2423:9)\n    at Async._drainQueues (http://localhost:8080/__cypress/runner/cypress_runner.js:2439:5)\n    at Async.drainQueues (http://localhost:8080/__cypress/runner/cypress_runner.js:2309:14)\nFrom Your Spec Code:\n    at Context.eval (webpack://exitease/./cypress/integration/backend/backendTests.spec.js:122:7)\n\nFrom Node.js Internals:\n  RequestError: Error: connect ECONNREFUSED 127.0.0.1:8080\n      at new r (<embedded>:227:405020)\n      at ee.callback (<embedded>:227:411021)\n      at e.callback.s.callback [as _callback] (<embedded>:227:410467)\n      at s._callback.s.callback.s.callback (<embedded>:290:100275)\n      at ee.emit (node:events:514:28)\n      at ee.onRequestError (<embedded>:290:109217)\n      at ClientRequest.emit (node:events:526:35)\n      at Socket.socketErrorListener (node:_http_client:501:9)\n      at Socket.emit (node:events:514:28)\n      at emitErrorNT (node:internal/streams/destroy:151:8)\n      at emitErrorCloseNT (node:internal/streams/destroy:116:3)\n      at process.processTicksAndRejections (node:internal/process/task_queues:82:21)",
                "diff": null
              },
              "uuid": "d21ee7c9-7626-4144-987e-bf036eeaac6f",
              "parentUUID": "a9244110-2469-4cf5-8a50-c7bb5f491c16",
              "isHook": false,
              "skipped": false
            }
          ],
          "suites": [],
          "passes": [
            "d5f96a43-ce49-4d68-a6fd-3f31c5d976b7",
            "baa168c9-72cc-452a-bb2f-e6997e382d9f"
          ],
          "failures": [
            "2b24535b-6f21-4513-9794-6dfd408009bc",
            "5e59932a-8345-4839-ab53-96356eb763ff",
            "76811ea8-129a-487e-807f-3f1825035625",
            "c2966f75-567a-4b58-b359-29637515655c",
            "d07e88d2-cacd-4e90-a4ea-3582735b04c2",
            "d21ee7c9-7626-4144-987e-bf036eeaac6f"
          ],
          "pending": [],
          "skipped": [],
          "duration": 5087,
          "root": false,
          "rootEmpty": false,
          "_timeout": 2000
        }
      ],
      "passes": [],
      "failures": [],
      "pending": [],
      "skipped": [],
      "duration": 0,
      "root": true,
      "rootEmpty": true,
      "_timeout": 2000
    }
  ],
  "meta": {
    "mocha": {
      "version": "7.0.1"
    },
    "mochawesome": {
      "options": {
        "quiet": false,
        "reportFilename": "my-report",
        "saveHtml": true,
        "saveJson": true,
        "consoleReporter": "spec",
        "useInlineDiffs": false,
        "code": true
      },
      "version": "7.1.3"
    },
    "marge": {
      "options": {
        "charts": true,
        "json": true,
        "reportsDir": "reports/your-reports-folder",
        "reportFilename": "my-report",
        "overwrite": false
      },
      "version": "6.2.0"
    }
  }
}